# JRE version: Java(TM) SE Runtime Environment (8.0_74-b02) (build 1.8.0_74-b02)
# Java VM: Java HotSpot(TM) 64-Bit Server VM (25.74-b02 mixed mode windows-amd64 compressed oops)
Heap:
 PSYoungGen      total 279552K, used 59680K [0x00000000eab00000, 0x00000000ffd80000, 0x0000000100000000)
  eden space 215552K, 16% used [0x00000000eab00000,0x00000000ecd9a1a0,0x00000000f7d80000)
  from space 64000K, 37% used [0x00000000fbf00000,0x00000000fd6ae1d0,0x00000000ffd80000)
  to   space 65536K, 0% used [0x00000000f7d80000,0x00000000f7d80000,0x00000000fbd80000)
 ParOldGen       total 275968K, used 108326K [0x00000000c0000000, 0x00000000d0d80000, 0x00000000eab00000)
  object space 275968K, 39% used [0x00000000c0000000,0x00000000c69c9ad0,0x00000000d0d80000)
 Metaspace       used 90258K, capacity 95736K, committed 162304K, reserved 1181696K
  class space    used 12353K, capacity 14238K, committed 30464K, reserved 1048576K
GC Heap History (10 events):
Event: 4491.715 GC heap before
{Heap before GC invocations=63 (full 14):
 PSYoungGen      total 276480K, used 205824K [0x00000000eab00000, 0x0000000100000000, 0x0000000100000000)
  eden space 205824K, 100% used [0x00000000eab00000,0x00000000f7400000,0x00000000f7400000)
  from space 70656K, 0% used [0x00000000fbb00000,0x00000000fbb00000,0x0000000100000000)
  to   space 71680K, 0% used [0x00000000f7400000,0x00000000f7400000,0x00000000fba00000)
 ParOldGen       total 275968K, used 143861K [0x00000000c0000000, 0x00000000d0d80000, 0x00000000eab00000)
  object space 275968K, 52% used [0x00000000c0000000,0x00000000c8c7d418,0x00000000d0d80000)
 Metaspace       used 79130K, capacity 83050K, committed 162304K, reserved 1181696K
  class space    used 10554K, capacity 11786K, committed 30464K, reserved 1048576K
Event: 4491.742 GC heap after
Heap after GC invocations=63 (full 14):
 PSYoungGen      total 229888K, used 23707K [0x00000000eab00000, 0x00000000ffe00000, 0x0000000100000000)
  eden space 205824K, 0% used [0x00000000eab00000,0x00000000eab00000,0x00000000f7400000)
  from space 24064K, 98% used [0x00000000f7400000,0x00000000f8b26e08,0x00000000f8b80000)
  to   space 70144K, 0% used [0x00000000fb980000,0x00000000fb980000,0x00000000ffe00000)
 ParOldGen       total 275968K, used 143869K [0x00000000c0000000, 0x00000000d0d80000, 0x00000000eab00000)
  object space 275968K, 52% used [0x00000000c0000000,0x00000000c8c7f418,0x00000000d0d80000)
 Metaspace       used 79130K, capacity 83050K, committed 162304K, reserved 1181696K
  class space    used 10554K, capacity 11786K, committed 30464K, reserved 1048576K
}
Event: 4621.188 GC heap before
{Heap before GC invocations=64 (full 14):
 PSYoungGen      total 229888K, used 229531K [0x00000000eab00000, 0x00000000ffe00000, 0x0000000100000000)
  eden space 205824K, 100% used [0x00000000eab00000,0x00000000f7400000,0x00000000f7400000)
  from space 24064K, 98% used [0x00000000f7400000,0x00000000f8b26e08,0x00000000f8b80000)
  to   space 70144K, 0% used [0x00000000fb980000,0x00000000fb980000,0x00000000ffe00000)
 ParOldGen       total 275968K, used 143869K [0x00000000c0000000, 0x00000000d0d80000, 0x00000000eab00000)
  object space 275968K, 52% used [0x00000000c0000000,0x00000000c8c7f418,0x00000000d0d80000)
 Metaspace       used 87054K, capacity 91842K, committed 162304K, reserved 1181696K
  class space    used 11766K, capacity 13340K, committed 30464K, reserved 1048576K
Event: 4621.211 GC heap after
Heap after GC invocations=64 (full 14):
 PSYoungGen      total 280064K, used 35650K [0x00000000eab00000, 0x0000000100000000, 0x0000000100000000)
  eden space 209920K, 0% used [0x00000000eab00000,0x00000000eab00000,0x00000000f7800000)
  from space 70144K, 50% used [0x00000000fb980000,0x00000000fdc50898,0x00000000ffe00000)
  to   space 67072K, 0% used [0x00000000f7800000,0x00000000f7800000,0x00000000fb980000)
 ParOldGen       total 275968K, used 143877K [0x00000000c0000000, 0x00000000d0d80000, 0x00000000eab00000)
  object space 275968K, 52% used [0x00000000c0000000,0x00000000c8c81418,0x00000000d0d80000)
 Metaspace       used 87054K, capacity 91842K, committed 162304K, reserved 1181696K
  class space    used 11766K, capacity 13340K, committed 30464K, reserved 1048576K
}
Event: 4625.847 GC heap before
{Heap before GC invocations=65 (full 14):
 PSYoungGen      total 280064K, used 164940K [0x00000000eab00000, 0x0000000100000000, 0x0000000100000000)
  eden space 209920K, 61% used [0x00000000eab00000,0x00000000f2942990,0x00000000f7800000)
  from space 70144K, 50% used [0x00000000fb980000,0x00000000fdc50898,0x00000000ffe00000)
  to   space 67072K, 0% used [0x00000000f7800000,0x00000000f7800000,0x00000000fb980000)
 ParOldGen       total 275968K, used 143877K [0x00000000c0000000, 0x00000000d0d80000, 0x00000000eab00000)
  object space 275968K, 52% used [0x00000000c0000000,0x00000000c8c81418,0x00000000d0d80000)
 Metaspace       used 90084K, capacity 94992K, committed 162304K, reserved 1181696K
  class space    used 12252K, capacity 13893K, committed 30464K, reserved 1048576K
Event: 4625.875 GC heap after
Heap after GC invocations=65 (full 14):
 PSYoungGen      total 276992K, used 42280K [0x00000000eab00000, 0x0000000100000000, 0x0000000100000000)
  eden space 209920K, 0% used [0x00000000eab00000,0x00000000eab00000,0x00000000f7800000)
  from space 67072K, 63% used [0x00000000f7800000,0x00000000fa14a388,0x00000000fb980000)
  to   space 66560K, 0% used [0x00000000fbf00000,0x00000000fbf00000,0x0000000100000000)
 ParOldGen       total 275968K, used 143885K [0x00000000c0000000, 0x00000000d0d80000, 0x00000000eab00000)
  object space 275968K, 52% used [0x00000000c0000000,0x00000000c8c83418,0x00000000d0d80000)
 Metaspace       used 90084K, capacity 94992K, committed 162304K, reserved 1181696K
  class space    used 12252K, capacity 13893K, committed 30464K, reserved 1048576K
}
Event: 4625.875 GC heap before
{Heap before GC invocations=66 (full 15):
 PSYoungGen      total 276992K, used 42280K [0x00000000eab00000, 0x0000000100000000, 0x0000000100000000)
  eden space 209920K, 0% used [0x00000000eab00000,0x00000000eab00000,0x00000000f7800000)
  from space 67072K, 63% used [0x00000000f7800000,0x00000000fa14a388,0x00000000fb980000)
  to   space 66560K, 0% used [0x00000000fbf00000,0x00000000fbf00000,0x0000000100000000)
 ParOldGen       total 275968K, used 143885K [0x00000000c0000000, 0x00000000d0d80000, 0x00000000eab00000)
  object space 275968K, 52% used [0x00000000c0000000,0x00000000c8c83418,0x00000000d0d80000)
 Metaspace       used 90084K, capacity 94992K, committed 162304K, reserved 1181696K
  class space    used 12252K, capacity 13893K, committed 30464K, reserved 1048576K
Event: 4626.287 GC heap after
Heap after GC invocations=66 (full 15):
 PSYoungGen      total 276992K, used 0K [0x00000000eab00000, 0x0000000100000000, 0x0000000100000000)
  eden space 209920K, 0% used [0x00000000eab00000,0x00000000eab00000,0x00000000f7800000)
  from space 67072K, 0% used [0x00000000f7800000,0x00000000f7800000,0x00000000fb980000)
  to   space 66560K, 0% used [0x00000000fbf00000,0x00000000fbf00000,0x0000000100000000)
 ParOldGen       total 275968K, used 108318K [0x00000000c0000000, 0x00000000d0d80000, 0x00000000eab00000)
  object space 275968K, 39% used [0x00000000c0000000,0x00000000c69c7ad0,0x00000000d0d80000)
 Metaspace       used 82041K, capacity 86776K, committed 162304K, reserved 1181696K
  class space    used 11113K, capacity 12697K, committed 30464K, reserved 1048576K
}
Event: 4636.295 GC heap before
{Heap before GC invocations=67 (full 15):
 PSYoungGen      total 276992K, used 209920K [0x00000000eab00000, 0x0000000100000000, 0x0000000100000000)
  eden space 209920K, 100% used [0x00000000eab00000,0x00000000f7800000,0x00000000f7800000)
  from space 67072K, 0% used [0x00000000f7800000,0x00000000f7800000,0x00000000fb980000)
  to   space 66560K, 0% used [0x00000000fbf00000,0x00000000fbf00000,0x0000000100000000)
 ParOldGen       total 275968K, used 108318K [0x00000000c0000000, 0x00000000d0d80000, 0x00000000eab00000)
  object space 275968K, 39% used [0x00000000c0000000,0x00000000c69c7ad0,0x00000000d0d80000)
 Metaspace       used 89187K, capacity 94502K, committed 162304K, reserved 1181696K
  class space    used 12158K, capacity 13963K, committed 30464K, reserved 1048576K
Event: 4636.315 GC heap after
Heap after GC invocations=67 (full 15):
 PSYoungGen      total 279552K, used 24248K [0x00000000eab00000, 0x00000000ffd80000, 0x0000000100000000)
  eden space 215552K, 0% used [0x00000000eab00000,0x00000000eab00000,0x00000000f7d80000)
  from space 64000K, 37% used [0x00000000fbf00000,0x00000000fd6ae1d0,0x00000000ffd80000)
  to   space 65536K, 0% used [0x00000000f7d80000,0x00000000f7d80000,0x00000000fbd80000)
 ParOldGen       total 275968K, used 108326K [0x00000000c0000000, 0x00000000d0d80000, 0x00000000eab00000)
  object space 275968K, 39% used [0x00000000c0000000,0x00000000c69c9ad0,0x00000000d0d80000)
 Metaspace       used 89187K, capacity 94502K, committed 162304K, reserved 1181696K
  class space    used 12158K, capacity 13963K, committed 30464K, reserved 1048576K
}

